<?xml version="1.0" encoding="UTF-8"?>
<testsuite name="babycenter.urlshortener.UrlRecordTest" tests="1" skipped="0" failures="0" errors="0" timestamp="2016-02-08T06:04:08" hostname="aiMBA.local" time="0.002">
  <properties/>
  <testcase name="createsUrlRecord" classname="babycenter.urlshortener.UrlRecordTest" time="0.002"/>
  <system-out><![CDATA[]]></system-out>
  <system-err><![CDATA[]]></system-err>
</testsuite>
